<?xml version="1.0" encoding="UTF-8"?>
<!-- Generated by org.testng.reporters.JUnitXMLReporter -->
<testsuite ignored="1" hostname="DESKTOP-JLPE75F" failures="0" tests="2" name="Default test" time="36.468" errors="0" timestamp="2024-06-26T13:33:24 IST">
  <testcase classname="testCases.LoginPageTest" name="URL" time="3.796"/>
  <testcase classname="testCases.LoginPageTest" name="loginofApplicationtest" time="5.563"/>
  <testcase classname="testCases.LoginPageTest" name="titletest" time="0.0">
    <ignored/>
  </testcase> <!-- titletest -->
</testsuite> <!-- Default test -->
