<?xml version="1.0" encoding="UTF-8"?>
<!-- Generated by org.testng.reporters.JUnitXMLReporter -->
<testsuite ignored="31" hostname="DESKTOP-JLPE75F" failures="1" tests="6" name="newTest(failed)" time="96.052" errors="0" timestamp="2024-06-13T11:50:16 IST">
  <testcase classname="testCases.CheckOutPage1_Test" name="verifyfinishbtntest" time="0.455"/>
  <testcase classname="testCases.LoginPageTest" name="titletest" time="0.258"/>
  <testcase classname="testCases.CheckOutPage_Test" name="verifyLogotest" time="0.089"/>
  <testcase classname="testCases.CheckOutPage_Test" name="verifymenubtn" time="2.212"/>
  <testcase classname="testCases.InventoryPage_Test" name="removeproducts" time="0.241">
    <failure type="java.lang.NullPointerException" message="Cannot invoke &amp;quot;org.apache.poi.ss.usermodel.Cell.getStringCellValue()&amp;quot; because the return value of &amp;quot;org.apache.poi.ss.usermodel.Row.getCell(int)&amp;quot; is null">
      <![CDATA[java.lang.NullPointerException: Cannot invoke "org.apache.poi.ss.usermodel.Cell.getStringCellValue()" because the return value of "org.apache.poi.ss.usermodel.Row.getCell(int)" is null
at utility.ReadData.readExcel(ReadData.java:24)
at testCases.InventoryPage_Test.removeproducts(InventoryPage_Test.java:42)
at java.base/java.util.ArrayList.forEach(ArrayList.java:1511)
... Removed 27 stack frames]]>
    </failure>
  </testcase> <!-- removeproducts -->
  <testcase classname="testCases.CartIcon_Test" name="desc" time="0.139"/>
  <testcase classname="testCases.CartIcon_Test" name="qty" time="0.0">
    <ignored/>
  </testcase> <!-- qty -->
  <testcase classname="testCases.InventoryPage_Test" name="verifyTwitterlogoTest" time="0.0">
    <ignored/>
  </testcase> <!-- verifyTwitterlogoTest -->
  <testcase classname="testCases.InventoryPage_Test" name="PageTitleTest" time="0.0">
    <ignored/>
  </testcase> <!-- PageTitleTest -->
  <testcase classname="testCases.CheckOutPage1_Test" name="verifypaymentinfotext" time="0.0">
    <ignored/>
  </testcase> <!-- verifypaymentinfotext -->
  <testcase classname="testCases.CartIcon_Test" name="continuebtn" time="0.0">
    <ignored/>
  </testcase> <!-- continuebtn -->
  <testcase classname="testCases.CheckOutPage1_Test" name="verifyShippinglabel" time="0.0">
    <ignored/>
  </testcase> <!-- verifyShippinglabel -->
  <testcase classname="testCases.InventoryPage_Test" name="cartIcontest" time="0.0">
    <ignored/>
  </testcase> <!-- cartIcontest -->
  <testcase classname="testCases.CheckOutPage1_Test" name="verifyShippingtext" time="0.0">
    <ignored/>
  </testcase> <!-- verifyShippingtext -->
  <testcase classname="testCases.CheckOutPage1_Test" name="verifytotaltext" time="0.0">
    <ignored/>
  </testcase> <!-- verifytotaltext -->
  <testcase classname="testCases.CheckOutPage1_Test" name="CheckOutPage1Title" time="0.0">
    <ignored/>
  </testcase> <!-- CheckOutPage1Title -->
  <testcase classname="testCases.CheckOutPage_Test" name="verifyCancelbtn" time="0.0">
    <ignored/>
  </testcase> <!-- verifyCancelbtn -->
  <testcase classname="testCases.CheckOutPage1_Test" name="verifypaymentLabeltest" time="0.0">
    <ignored/>
  </testcase> <!-- verifypaymentLabeltest -->
  <testcase classname="testCases.InventoryPage_Test" name="Footertest" time="0.0">
    <ignored/>
  </testcase> <!-- Footertest -->
  <testcase classname="testCases.InventoryPage_Test" name="add6productsTest" time="0.0">
    <ignored/>
  </testcase> <!-- add6productsTest -->
  <testcase classname="testCases.CartIcon_Test" name="removeproducts" time="0.0">
    <ignored/>
  </testcase> <!-- removeproducts -->
  <testcase classname="testCases.CartIcon_Test" name="url" time="0.0">
    <ignored/>
  </testcase> <!-- url -->
  <testcase classname="testCases.CheckOutPage1_Test" name="verifytaxtext" time="0.0">
    <ignored/>
  </testcase> <!-- verifytaxtext -->
  <testcase classname="testCases.LoginPageTest" name="loginofApplicationtest" time="0.0">
    <ignored/>
  </testcase> <!-- loginofApplicationtest -->
  <testcase classname="testCases.CheckOutPage_Test" name="checkouttitle" time="0.0">
    <ignored/>
  </testcase> <!-- checkouttitle -->
  <testcase classname="testCases.InventoryPage_Test" name="LinkedInLogo" time="0.0">
    <ignored/>
  </testcase> <!-- LinkedInLogo -->
  <testcase classname="testCases.LoginPageTest" name="URL" time="0.0">
    <ignored/>
  </testcase> <!-- URL -->
  <testcase classname="testCases.CheckOutPage_Test" name="infotest" time="0.0">
    <ignored/>
  </testcase> <!-- infotest -->
  <testcase classname="testCases.CartIcon_Test" name="verifyCheckoutButtonTest" time="0.0">
    <ignored/>
  </testcase> <!-- verifyCheckoutButtonTest -->
  <testcase classname="testCases.CartIcon_Test" name="carttitle" time="0.0">
    <ignored/>
  </testcase> <!-- carttitle -->
  <testcase classname="testCases.CheckOutPage1_Test" name="CheckOutPage1URl" time="0.0">
    <ignored/>
  </testcase> <!-- CheckOutPage1URl -->
  <testcase classname="testCases.CartIcon_Test" name="twitterlogo" time="0.0">
    <ignored/>
  </testcase> <!-- twitterlogo -->
  <testcase classname="testCases.InventoryPage_Test" name="Logotest" time="0.0">
    <ignored/>
  </testcase> <!-- Logotest -->
  <testcase classname="testCases.CheckOutPage1_Test" name="verifytotalLabel" time="0.0">
    <ignored/>
  </testcase> <!-- verifytotalLabel -->
  <testcase classname="testCases.CheckOutPage1_Test" name="verifyitemtotaltext" time="0.0">
    <ignored/>
  </testcase> <!-- verifyitemtotaltext -->
  <testcase classname="testCases.InventoryPage_Test" name="menudropdown" time="0.0">
    <ignored/>
  </testcase> <!-- menudropdown -->
  <testcase classname="testCases.InventoryPage_Test" name="FacebookLogo" time="0.0">
    <ignored/>
  </testcase> <!-- FacebookLogo -->
</testsuite> <!-- newTest(failed) -->
