<html>
<head>
<title>TestNG:  newTest</title>
<link href="../testng.css" rel="stylesheet" type="text/css" />
<link href="../my-testng.css" rel="stylesheet" type="text/css" />

<style type="text/css">
.log { display: none;} 
.stack-trace { display: none;} 
</style>
<script type="text/javascript">
<!--
function flip(e) {
  current = e.style.display;
  if (current == 'block') {
    e.style.display = 'none';
    return 0;
  }
  else {
    e.style.display = 'block';
    return 1;
  }
}

function toggleBox(szDivId, elem, msg1, msg2)
{
  var res = -1;  if (document.getElementById) {
    res = flip(document.getElementById(szDivId));
  }
  else if (document.all) {
    // this is the way old msie versions work
    res = flip(document.all[szDivId]);
  }
  if(elem) {
    if(res == 0) elem.innerHTML = msg1; else elem.innerHTML = msg2;
  }

}

function toggleAllBoxes() {
  if (document.getElementsByTagName) {
    d = document.getElementsByTagName('div');
    for (i = 0; i < d.length; i++) {
      if (d[i].className == 'log') {
        flip(d[i]);
      }
    }
  }
}

// -->
</script>

</head>
<body>
<h2 align='center'>newTest</h2><table border='1' align="center">
<tr>
<td>Tests passed/Failed/Skipped:</td><td>31/5/1</td>
</tr><tr>
<td>Started on:</td><td>Thu Jun 13 00:12:08 IST 2024</td>
</tr>
<tr><td>Total time:</td><td>625 seconds (625863 ms)</td>
</tr><tr>
<td>Included groups:</td><td></td>
</tr><tr>
<td>Excluded groups:</td><td></td>
</tr>
</table><p/>
<small><i>(Hover the method name to see the test class name)</i></small><p/>
<table width='100%' border='1' class='invocation-failed'>
<tr><td colspan='4' align='center'><b>FAILED CONFIGURATIONS</b></td></tr>
<tr><td><b>Test method</b></td>
<td><b>Attribute(s)</b></td>
<td width="30%"><b>Exception</b></td>
<td width="10%"><b>Time (seconds)</b></td>
<td><b>Instance</b></td>
</tr>
<tr>
<td title='testCases.CheckOutPage_Test.setUp()'><b>setUp</b><br>Test class: testCases.CheckOutPage_Test</td>
<td><div><pre>org.openqa.selenium.WebDriverException: no such execution context
  (Session info: chrome=125.0.6422.144)
Build info: version: &apos;4.11.0&apos;, revision: &apos;040bc5406b&apos;
System info: os.name: &apos;Windows 10&apos;, os.arch: &apos;amd64&apos;, os.version: &apos;10.0&apos;, java.version: &apos;17.0.6&apos;
Driver info: org.openqa.selenium.chrome.ChromeDriver
Command: [fc3202579c774c973d0b41cb8f17d96b, maximizeCurrentWindow {}]
Capabilities {acceptInsecureCerts: false, browserName: chrome, browserVersion: 125.0.6422.144, chrome: {chromedriverVersion: 125.0.6422.141 (4b1e8393712..., userDataDir: C:\Users\Admin\AppData\Loca...}, fedcm:accounts: true, goog:chromeOptions: {debuggerAddress: localhost:60033}, networkConnectionEnabled: false, pageLoadStrategy: normal, platformName: windows, proxy: Proxy(), se:cdp: ws://localhost:60033/devtoo..., se:cdpVersion: 125.0.6422.144, setWindowRect: true, strictFileInteractability: false, timeouts: {implicit: 0, pageLoad: 300000, script: 30000}, unhandledPromptBehavior: dismiss and notify, webauthn:extension:credBlob: true, webauthn:extension:largeBlob: true, webauthn:extension:minPinLength: true, webauthn:extension:prf: true, webauthn:virtualAuthenticators: true}
Session ID: fc3202579c774c973d0b41cb8f17d96b
	at org.openqa.selenium.remote.codec.w3c.W3CHttpResponseCodec.createException(W3CHttpResponseCodec.java:200)
	at org.openqa.selenium.remote.codec.w3c.W3CHttpResponseCodec.decode(W3CHttpResponseCodec.java:133)
	at org.openqa.selenium.remote.codec.w3c.W3CHttpResponseCodec.decode(W3CHttpResponseCodec.java:52)
	at org.openqa.selenium.remote.HttpCommandExecutor.execute(HttpCommandExecutor.java:191)
	at org.openqa.selenium.remote.service.DriverCommandExecutor.invokeExecute(DriverCommandExecutor.java:196)
	at org.openqa.selenium.remote.service.DriverCommandExecutor.execute(DriverCommandExecutor.java:171)
	at org.openqa.selenium.remote.RemoteWebDriver.execute(RemoteWebDriver.java:518)
	at org.openqa.selenium.remote.RemoteWebDriver.execute(RemoteWebDriver.java:591)
	at org.openqa.selenium.remote.RemoteWebDriver.execute(RemoteWebDriver.java:595)
	at org.openqa.selenium.remote.RemoteWebDriver$RemoteWebDriverOptions$RemoteWindow.maximize(RemoteWebDriver.java:978)
	at base.TestBase.initialization(TestBase.java:33)
	at testCases.CheckOutPage_Test.setUp(CheckOutPage_Test.java:29)
	at java.base/java.util.ArrayList.forEach(ArrayList.java:1511)
... Removed 36 stack frames</pre></div><a href='#' onClick='toggleBox("stack-trace1751080205", this, "Click to show all stack frames", "Click to hide stack frames")'>Click to show all stack frames</a>
<div class='stack-trace' id='stack-trace1751080205'><pre>org.openqa.selenium.WebDriverException: no such execution context
  (Session info: chrome=125.0.6422.144)
Build info: version: &apos;4.11.0&apos;, revision: &apos;040bc5406b&apos;
System info: os.name: &apos;Windows 10&apos;, os.arch: &apos;amd64&apos;, os.version: &apos;10.0&apos;, java.version: &apos;17.0.6&apos;
Driver info: org.openqa.selenium.chrome.ChromeDriver
Command: [fc3202579c774c973d0b41cb8f17d96b, maximizeCurrentWindow {}]
Capabilities {acceptInsecureCerts: false, browserName: chrome, browserVersion: 125.0.6422.144, chrome: {chromedriverVersion: 125.0.6422.141 (4b1e8393712..., userDataDir: C:\Users\Admin\AppData\Loca...}, fedcm:accounts: true, goog:chromeOptions: {debuggerAddress: localhost:60033}, networkConnectionEnabled: false, pageLoadStrategy: normal, platformName: windows, proxy: Proxy(), se:cdp: ws://localhost:60033/devtoo..., se:cdpVersion: 125.0.6422.144, setWindowRect: true, strictFileInteractability: false, timeouts: {implicit: 0, pageLoad: 300000, script: 30000}, unhandledPromptBehavior: dismiss and notify, webauthn:extension:credBlob: true, webauthn:extension:largeBlob: true, webauthn:extension:minPinLength: true, webauthn:extension:prf: true, webauthn:virtualAuthenticators: true}
Session ID: fc3202579c774c973d0b41cb8f17d96b
	at java.base/jdk.internal.reflect.NativeConstructorAccessorImpl.newInstance0(Native Method)
	at java.base/jdk.internal.reflect.NativeConstructorAccessorImpl.newInstance(NativeConstructorAccessorImpl.java:77)
	at java.base/jdk.internal.reflect.DelegatingConstructorAccessorImpl.newInstance(DelegatingConstructorAccessorImpl.java:45)
	at java.base/java.lang.reflect.Constructor.newInstanceWithCaller(Constructor.java:499)
	at java.base/java.lang.reflect.Constructor.newInstance(Constructor.java:480)
	at org.openqa.selenium.remote.codec.w3c.W3CHttpResponseCodec.createException(W3CHttpResponseCodec.java:200)
	at org.openqa.selenium.remote.codec.w3c.W3CHttpResponseCodec.decode(W3CHttpResponseCodec.java:133)
	at org.openqa.selenium.remote.codec.w3c.W3CHttpResponseCodec.decode(W3CHttpResponseCodec.java:52)
	at org.openqa.selenium.remote.HttpCommandExecutor.execute(HttpCommandExecutor.java:191)
	at org.openqa.selenium.remote.service.DriverCommandExecutor.invokeExecute(DriverCommandExecutor.java:196)
	at org.openqa.selenium.remote.service.DriverCommandExecutor.execute(DriverCommandExecutor.java:171)
	at org.openqa.selenium.remote.RemoteWebDriver.execute(RemoteWebDriver.java:518)
	at org.openqa.selenium.remote.RemoteWebDriver.execute(RemoteWebDriver.java:591)
	at org.openqa.selenium.remote.RemoteWebDriver.execute(RemoteWebDriver.java:595)
	at org.openqa.selenium.remote.RemoteWebDriver$RemoteWebDriverOptions$RemoteWindow.maximize(RemoteWebDriver.java:978)
	at base.TestBase.initialization(TestBase.java:33)
	at testCases.CheckOutPage_Test.setUp(CheckOutPage_Test.java:29)
	at java.base/jdk.internal.reflect.NativeMethodAccessorImpl.invoke0(Native Method)
	at java.base/jdk.internal.reflect.NativeMethodAccessorImpl.invoke(NativeMethodAccessorImpl.java:77)
	at java.base/jdk.internal.reflect.DelegatingMethodAccessorImpl.invoke(DelegatingMethodAccessorImpl.java:43)
	at java.base/java.lang.reflect.Method.invoke(Method.java:568)
	at org.testng.internal.invokers.MethodInvocationHelper.invokeMethod(MethodInvocationHelper.java:139)
	at org.testng.internal.invokers.MethodInvocationHelper.invokeMethodConsideringTimeout(MethodInvocationHelper.java:69)
	at org.testng.internal.invokers.ConfigInvoker.invokeConfigurationMethod(ConfigInvoker.java:361)
	at org.testng.internal.invokers.ConfigInvoker.invokeConfigurations(ConfigInvoker.java:296)
	at org.testng.internal.invokers.TestInvoker.runConfigMethods(TestInvoker.java:823)
	at org.testng.internal.invokers.TestInvoker.invokeMethod(TestInvoker.java:590)
	at org.testng.internal.invokers.TestInvoker.invokeTestMethod(TestInvoker.java:221)
	at org.testng.internal.invokers.MethodRunner.runInSequence(MethodRunner.java:50)
	at org.testng.internal.invokers.TestInvoker$MethodInvocationAgent.invoke(TestInvoker.java:969)
	at org.testng.internal.invokers.TestInvoker.invokeTestMethods(TestInvoker.java:194)
	at org.testng.internal.invokers.TestMethodWorker.invokeTestMethods(TestMethodWorker.java:148)
	at org.testng.internal.invokers.TestMethodWorker.run(TestMethodWorker.java:128)
	at java.base/java.util.ArrayList.forEach(ArrayList.java:1511)
	at org.testng.TestRunner.privateRun(TestRunner.java:829)
	at org.testng.TestRunner.run(TestRunner.java:602)
	at org.testng.SuiteRunner.runTest(SuiteRunner.java:437)
	at org.testng.SuiteRunner.runSequentially(SuiteRunner.java:431)
	at org.testng.SuiteRunner.privateRun(SuiteRunner.java:391)
	at org.testng.SuiteRunner.run(SuiteRunner.java:330)
	at org.testng.SuiteRunnerWorker.runSuite(SuiteRunnerWorker.java:52)
	at org.testng.SuiteRunnerWorker.run(SuiteRunnerWorker.java:95)
	at org.testng.TestNG.runSuitesSequentially(TestNG.java:1256)
	at org.testng.TestNG.runSuitesLocally(TestNG.java:1176)
	at org.testng.TestNG.runSuites(TestNG.java:1099)
	at org.testng.TestNG.run(TestNG.java:1067)
	at org.testng.remote.AbstractRemoteTestNG.run(AbstractRemoteTestNG.java:115)
	at org.testng.remote.RemoteTestNG.initAndRun(RemoteTestNG.java:293)
	at org.testng.remote.RemoteTestNG.main(RemoteTestNG.java:91)
</pre></div></td>
<td>9</td>
<td>testCases.CheckOutPage_Test@6e9a5ed8</td></tr>
</table><p>
<table width='100%' border='1' class='invocation-skipped'>
<tr><td colspan='4' align='center'><b>SKIPPED CONFIGURATIONS</b></td></tr>
<tr><td><b>Test method</b></td>
<td><b>Attribute(s)</b></td>
<td width="30%"><b>Exception</b></td>
<td width="10%"><b>Time (seconds)</b></td>
<td><b>Instance</b></td>
</tr>
<tr>
<td title='testCases.CheckOutPage_Test.closeBrowser()'><b>closeBrowser</b><br>Test class: testCases.CheckOutPage_Test</td>
<td></td>
<td>0</td>
<td>testCases.CheckOutPage_Test@6e9a5ed8</td></tr>
</table><p>
<table width='100%' border='1' class='invocation-failed'>
<tr><td colspan='4' align='center'><b>FAILED TESTS</b></td></tr>
<tr><td><b>Test method</b></td>
<td><b>Attribute(s)</b></td>
<td width="30%"><b>Exception</b></td>
<td width="10%"><b>Time (seconds)</b></td>
<td><b>Instance</b></td>
</tr>
<tr>
<td title='testCases.CartIcon_Test.desc()'><b>desc</b><br>Test class: testCases.CartIcon_Test</td>
<td><div><pre>java.lang.AssertionError: expected [Description] but found [Descriptin]
	at testCases.CartIcon_Test.desc(CartIcon_Test.java:97)
	at java.base/java.util.ArrayList.forEach(ArrayList.java:1511)
... Removed 33 stack frames</pre></div><a href='#' onClick='toggleBox("stack-trace1781593777", this, "Click to show all stack frames", "Click to hide stack frames")'>Click to show all stack frames</a>
<div class='stack-trace' id='stack-trace1781593777'><pre>java.lang.AssertionError: expected [Description] but found [Descriptin]
	at org.testng.Assert.fail(Assert.java:110)
	at org.testng.Assert.failNotEquals(Assert.java:1577)
	at org.testng.Assert.assertEqualsImpl(Assert.java:149)
	at org.testng.Assert.assertEquals(Assert.java:131)
	at org.testng.Assert.assertEquals(Assert.java:655)
	at org.testng.Assert.assertEquals(Assert.java:665)
	at testCases.CartIcon_Test.desc(CartIcon_Test.java:97)
	at java.base/jdk.internal.reflect.NativeMethodAccessorImpl.invoke0(Native Method)
	at java.base/jdk.internal.reflect.NativeMethodAccessorImpl.invoke(NativeMethodAccessorImpl.java:77)
	at java.base/jdk.internal.reflect.DelegatingMethodAccessorImpl.invoke(DelegatingMethodAccessorImpl.java:43)
	at java.base/java.lang.reflect.Method.invoke(Method.java:568)
	at org.testng.internal.invokers.MethodInvocationHelper.invokeMethod(MethodInvocationHelper.java:139)
	at org.testng.internal.invokers.TestInvoker.invokeMethod(TestInvoker.java:677)
	at org.testng.internal.invokers.TestInvoker.invokeTestMethod(TestInvoker.java:221)
	at org.testng.internal.invokers.MethodRunner.runInSequence(MethodRunner.java:50)
	at org.testng.internal.invokers.TestInvoker$MethodInvocationAgent.invoke(TestInvoker.java:969)
	at org.testng.internal.invokers.TestInvoker.invokeTestMethods(TestInvoker.java:194)
	at org.testng.internal.invokers.TestMethodWorker.invokeTestMethods(TestMethodWorker.java:148)
	at org.testng.internal.invokers.TestMethodWorker.run(TestMethodWorker.java:128)
	at java.base/java.util.ArrayList.forEach(ArrayList.java:1511)
	at org.testng.TestRunner.privateRun(TestRunner.java:829)
	at org.testng.TestRunner.run(TestRunner.java:602)
	at org.testng.SuiteRunner.runTest(SuiteRunner.java:437)
	at org.testng.SuiteRunner.runSequentially(SuiteRunner.java:431)
	at org.testng.SuiteRunner.privateRun(SuiteRunner.java:391)
	at org.testng.SuiteRunner.run(SuiteRunner.java:330)
	at org.testng.SuiteRunnerWorker.runSuite(SuiteRunnerWorker.java:52)
	at org.testng.SuiteRunnerWorker.run(SuiteRunnerWorker.java:95)
	at org.testng.TestNG.runSuitesSequentially(TestNG.java:1256)
	at org.testng.TestNG.runSuitesLocally(TestNG.java:1176)
	at org.testng.TestNG.runSuites(TestNG.java:1099)
	at org.testng.TestNG.run(TestNG.java:1067)
	at org.testng.remote.AbstractRemoteTestNG.run(AbstractRemoteTestNG.java:115)
	at org.testng.remote.RemoteTestNG.initAndRun(RemoteTestNG.java:293)
	at org.testng.remote.RemoteTestNG.main(RemoteTestNG.java:91)
</pre></div></td>
<td>0</td>
<td>testCases.CartIcon_Test@36804139</td></tr>
<tr>
<td title='testCases.CheckOutPage1_Test.verifyfinishbtntest()'><b>verifyfinishbtntest</b><br>Test class: testCases.CheckOutPage1_Test</td>
<td><div><pre>java.lang.AssertionError: expected [https://www.saucedemo.com/checkout-complete.html] but found [https://www.saucedemo.com/heckout-complete.html]
	at testCases.CheckOutPage1_Test.verifyfinishbtntest(CheckOutPage1_Test.java:138)
	at java.base/java.util.ArrayList.forEach(ArrayList.java:1511)
... Removed 33 stack frames</pre></div><a href='#' onClick='toggleBox("stack-trace965674262", this, "Click to show all stack frames", "Click to hide stack frames")'>Click to show all stack frames</a>
<div class='stack-trace' id='stack-trace965674262'><pre>java.lang.AssertionError: expected [https://www.saucedemo.com/checkout-complete.html] but found [https://www.saucedemo.com/heckout-complete.html]
	at org.testng.Assert.fail(Assert.java:110)
	at org.testng.Assert.failNotEquals(Assert.java:1577)
	at org.testng.Assert.assertEqualsImpl(Assert.java:149)
	at org.testng.Assert.assertEquals(Assert.java:131)
	at org.testng.Assert.assertEquals(Assert.java:655)
	at org.testng.Assert.assertEquals(Assert.java:665)
	at testCases.CheckOutPage1_Test.verifyfinishbtntest(CheckOutPage1_Test.java:138)
	at java.base/jdk.internal.reflect.NativeMethodAccessorImpl.invoke0(Native Method)
	at java.base/jdk.internal.reflect.NativeMethodAccessorImpl.invoke(NativeMethodAccessorImpl.java:77)
	at java.base/jdk.internal.reflect.DelegatingMethodAccessorImpl.invoke(DelegatingMethodAccessorImpl.java:43)
	at java.base/java.lang.reflect.Method.invoke(Method.java:568)
	at org.testng.internal.invokers.MethodInvocationHelper.invokeMethod(MethodInvocationHelper.java:139)
	at org.testng.internal.invokers.TestInvoker.invokeMethod(TestInvoker.java:677)
	at org.testng.internal.invokers.TestInvoker.invokeTestMethod(TestInvoker.java:221)
	at org.testng.internal.invokers.MethodRunner.runInSequence(MethodRunner.java:50)
	at org.testng.internal.invokers.TestInvoker$MethodInvocationAgent.invoke(TestInvoker.java:969)
	at org.testng.internal.invokers.TestInvoker.invokeTestMethods(TestInvoker.java:194)
	at org.testng.internal.invokers.TestMethodWorker.invokeTestMethods(TestMethodWorker.java:148)
	at org.testng.internal.invokers.TestMethodWorker.run(TestMethodWorker.java:128)
	at java.base/java.util.ArrayList.forEach(ArrayList.java:1511)
	at org.testng.TestRunner.privateRun(TestRunner.java:829)
	at org.testng.TestRunner.run(TestRunner.java:602)
	at org.testng.SuiteRunner.runTest(SuiteRunner.java:437)
	at org.testng.SuiteRunner.runSequentially(SuiteRunner.java:431)
	at org.testng.SuiteRunner.privateRun(SuiteRunner.java:391)
	at org.testng.SuiteRunner.run(SuiteRunner.java:330)
	at org.testng.SuiteRunnerWorker.runSuite(SuiteRunnerWorker.java:52)
	at org.testng.SuiteRunnerWorker.run(SuiteRunnerWorker.java:95)
	at org.testng.TestNG.runSuitesSequentially(TestNG.java:1256)
	at org.testng.TestNG.runSuitesLocally(TestNG.java:1176)
	at org.testng.TestNG.runSuites(TestNG.java:1099)
	at org.testng.TestNG.run(TestNG.java:1067)
	at org.testng.remote.AbstractRemoteTestNG.run(AbstractRemoteTestNG.java:115)
	at org.testng.remote.RemoteTestNG.initAndRun(RemoteTestNG.java:293)
	at org.testng.remote.RemoteTestNG.main(RemoteTestNG.java:91)
</pre></div></td>
<td>0</td>
<td>testCases.CheckOutPage1_Test@3b6d844d</td></tr>
<tr>
<td title='testCases.InventoryPage_Test.removeproducts()'><b>removeproducts</b><br>Test class: testCases.InventoryPage_Test</td>
<td><div><pre>java.lang.NullPointerException: Cannot invoke &quot;org.apache.poi.ss.usermodel.Cell.getStringCellValue()&quot; because the return value of &quot;org.apache.poi.ss.usermodel.Row.getCell(int)&quot; is null
	at utility.ReadData.readExcel(ReadData.java:24)
	at testCases.InventoryPage_Test.removeproducts(InventoryPage_Test.java:42)
	at java.base/java.util.ArrayList.forEach(ArrayList.java:1511)
... Removed 27 stack frames</pre></div><a href='#' onClick='toggleBox("stack-trace1696054379", this, "Click to show all stack frames", "Click to hide stack frames")'>Click to show all stack frames</a>
<div class='stack-trace' id='stack-trace1696054379'><pre>java.lang.NullPointerException: Cannot invoke &quot;org.apache.poi.ss.usermodel.Cell.getStringCellValue()&quot; because the return value of &quot;org.apache.poi.ss.usermodel.Row.getCell(int)&quot; is null
	at utility.ReadData.readExcel(ReadData.java:24)
	at testCases.InventoryPage_Test.removeproducts(InventoryPage_Test.java:42)
	at java.base/jdk.internal.reflect.NativeMethodAccessorImpl.invoke0(Native Method)
	at java.base/jdk.internal.reflect.NativeMethodAccessorImpl.invoke(NativeMethodAccessorImpl.java:77)
	at java.base/jdk.internal.reflect.DelegatingMethodAccessorImpl.invoke(DelegatingMethodAccessorImpl.java:43)
	at java.base/java.lang.reflect.Method.invoke(Method.java:568)
	at org.testng.internal.invokers.MethodInvocationHelper.invokeMethod(MethodInvocationHelper.java:139)
	at org.testng.internal.invokers.TestInvoker.invokeMethod(TestInvoker.java:677)
	at org.testng.internal.invokers.TestInvoker.invokeTestMethod(TestInvoker.java:221)
	at org.testng.internal.invokers.MethodRunner.runInSequence(MethodRunner.java:50)
	at org.testng.internal.invokers.TestInvoker$MethodInvocationAgent.invoke(TestInvoker.java:969)
	at org.testng.internal.invokers.TestInvoker.invokeTestMethods(TestInvoker.java:194)
	at org.testng.internal.invokers.TestMethodWorker.invokeTestMethods(TestMethodWorker.java:148)
	at org.testng.internal.invokers.TestMethodWorker.run(TestMethodWorker.java:128)
	at java.base/java.util.ArrayList.forEach(ArrayList.java:1511)
	at org.testng.TestRunner.privateRun(TestRunner.java:829)
	at org.testng.TestRunner.run(TestRunner.java:602)
	at org.testng.SuiteRunner.runTest(SuiteRunner.java:437)
	at org.testng.SuiteRunner.runSequentially(SuiteRunner.java:431)
	at org.testng.SuiteRunner.privateRun(SuiteRunner.java:391)
	at org.testng.SuiteRunner.run(SuiteRunner.java:330)
	at org.testng.SuiteRunnerWorker.runSuite(SuiteRunnerWorker.java:52)
	at org.testng.SuiteRunnerWorker.run(SuiteRunnerWorker.java:95)
	at org.testng.TestNG.runSuitesSequentially(TestNG.java:1256)
	at org.testng.TestNG.runSuitesLocally(TestNG.java:1176)
	at org.testng.TestNG.runSuites(TestNG.java:1099)
	at org.testng.TestNG.run(TestNG.java:1067)
	at org.testng.remote.AbstractRemoteTestNG.run(AbstractRemoteTestNG.java:115)
	at org.testng.remote.RemoteTestNG.initAndRun(RemoteTestNG.java:293)
	at org.testng.remote.RemoteTestNG.main(RemoteTestNG.java:91)
</pre></div></td>
<td>0</td>
<td>testCases.InventoryPage_Test@20bd8be5</td></tr>
<tr>
<td title='testCases.CheckOutPage_Test.verifyLogotest()'><b>verifyLogotest</b><br>Test class: testCases.CheckOutPage_Test</td>
<td><div><pre>java.lang.AssertionError: expected [Swag Labs] but found [Swg Labs]
	at testCases.CheckOutPage_Test.verifyLogotest(CheckOutPage_Test.java:61)
	at java.base/java.util.ArrayList.forEach(ArrayList.java:1511)
... Removed 33 stack frames</pre></div><a href='#' onClick='toggleBox("stack-trace48063459", this, "Click to show all stack frames", "Click to hide stack frames")'>Click to show all stack frames</a>
<div class='stack-trace' id='stack-trace48063459'><pre>java.lang.AssertionError: expected [Swag Labs] but found [Swg Labs]
	at org.testng.Assert.fail(Assert.java:110)
	at org.testng.Assert.failNotEquals(Assert.java:1577)
	at org.testng.Assert.assertEqualsImpl(Assert.java:149)
	at org.testng.Assert.assertEquals(Assert.java:131)
	at org.testng.Assert.assertEquals(Assert.java:655)
	at org.testng.Assert.assertEquals(Assert.java:665)
	at testCases.CheckOutPage_Test.verifyLogotest(CheckOutPage_Test.java:61)
	at java.base/jdk.internal.reflect.NativeMethodAccessorImpl.invoke0(Native Method)
	at java.base/jdk.internal.reflect.NativeMethodAccessorImpl.invoke(NativeMethodAccessorImpl.java:77)
	at java.base/jdk.internal.reflect.DelegatingMethodAccessorImpl.invoke(DelegatingMethodAccessorImpl.java:43)
	at java.base/java.lang.reflect.Method.invoke(Method.java:568)
	at org.testng.internal.invokers.MethodInvocationHelper.invokeMethod(MethodInvocationHelper.java:139)
	at org.testng.internal.invokers.TestInvoker.invokeMethod(TestInvoker.java:677)
	at org.testng.internal.invokers.TestInvoker.invokeTestMethod(TestInvoker.java:221)
	at org.testng.internal.invokers.MethodRunner.runInSequence(MethodRunner.java:50)
	at org.testng.internal.invokers.TestInvoker$MethodInvocationAgent.invoke(TestInvoker.java:969)
	at org.testng.internal.invokers.TestInvoker.invokeTestMethods(TestInvoker.java:194)
	at org.testng.internal.invokers.TestMethodWorker.invokeTestMethods(TestMethodWorker.java:148)
	at org.testng.internal.invokers.TestMethodWorker.run(TestMethodWorker.java:128)
	at java.base/java.util.ArrayList.forEach(ArrayList.java:1511)
	at org.testng.TestRunner.privateRun(TestRunner.java:829)
	at org.testng.TestRunner.run(TestRunner.java:602)
	at org.testng.SuiteRunner.runTest(SuiteRunner.java:437)
	at org.testng.SuiteRunner.runSequentially(SuiteRunner.java:431)
	at org.testng.SuiteRunner.privateRun(SuiteRunner.java:391)
	at org.testng.SuiteRunner.run(SuiteRunner.java:330)
	at org.testng.SuiteRunnerWorker.runSuite(SuiteRunnerWorker.java:52)
	at org.testng.SuiteRunnerWorker.run(SuiteRunnerWorker.java:95)
	at org.testng.TestNG.runSuitesSequentially(TestNG.java:1256)
	at org.testng.TestNG.runSuitesLocally(TestNG.java:1176)
	at org.testng.TestNG.runSuites(TestNG.java:1099)
	at org.testng.TestNG.run(TestNG.java:1067)
	at org.testng.remote.AbstractRemoteTestNG.run(AbstractRemoteTestNG.java:115)
	at org.testng.remote.RemoteTestNG.initAndRun(RemoteTestNG.java:293)
	at org.testng.remote.RemoteTestNG.main(RemoteTestNG.java:91)
</pre></div></td>
<td>0</td>
<td>testCases.CheckOutPage_Test@6e9a5ed8</td></tr>
<tr>
<td title='testCases.LoginPageTest.titletest()'><b>titletest</b><br>Test class: testCases.LoginPageTest</td>
<td><div><pre>java.lang.NullPointerException: Cannot invoke &quot;org.apache.poi.ss.usermodel.Cell.getStringCellValue()&quot; because the return value of &quot;org.apache.poi.ss.usermodel.Row.getCell(int)&quot; is null
	at utility.ReadData.readExcel(ReadData.java:24)
	at testCases.LoginPageTest.titletest(LoginPageTest.java:47)
	at java.base/java.util.ArrayList.forEach(ArrayList.java:1511)
... Removed 27 stack frames</pre></div><a href='#' onClick='toggleBox("stack-trace1980698753", this, "Click to show all stack frames", "Click to hide stack frames")'>Click to show all stack frames</a>
<div class='stack-trace' id='stack-trace1980698753'><pre>java.lang.NullPointerException: Cannot invoke &quot;org.apache.poi.ss.usermodel.Cell.getStringCellValue()&quot; because the return value of &quot;org.apache.poi.ss.usermodel.Row.getCell(int)&quot; is null
	at utility.ReadData.readExcel(ReadData.java:24)
	at testCases.LoginPageTest.titletest(LoginPageTest.java:47)
	at java.base/jdk.internal.reflect.NativeMethodAccessorImpl.invoke0(Native Method)
	at java.base/jdk.internal.reflect.NativeMethodAccessorImpl.invoke(NativeMethodAccessorImpl.java:77)
	at java.base/jdk.internal.reflect.DelegatingMethodAccessorImpl.invoke(DelegatingMethodAccessorImpl.java:43)
	at java.base/java.lang.reflect.Method.invoke(Method.java:568)
	at org.testng.internal.invokers.MethodInvocationHelper.invokeMethod(MethodInvocationHelper.java:139)
	at org.testng.internal.invokers.TestInvoker.invokeMethod(TestInvoker.java:677)
	at org.testng.internal.invokers.TestInvoker.invokeTestMethod(TestInvoker.java:221)
	at org.testng.internal.invokers.MethodRunner.runInSequence(MethodRunner.java:50)
	at org.testng.internal.invokers.TestInvoker$MethodInvocationAgent.invoke(TestInvoker.java:969)
	at org.testng.internal.invokers.TestInvoker.invokeTestMethods(TestInvoker.java:194)
	at org.testng.internal.invokers.TestMethodWorker.invokeTestMethods(TestMethodWorker.java:148)
	at org.testng.internal.invokers.TestMethodWorker.run(TestMethodWorker.java:128)
	at java.base/java.util.ArrayList.forEach(ArrayList.java:1511)
	at org.testng.TestRunner.privateRun(TestRunner.java:829)
	at org.testng.TestRunner.run(TestRunner.java:602)
	at org.testng.SuiteRunner.runTest(SuiteRunner.java:437)
	at org.testng.SuiteRunner.runSequentially(SuiteRunner.java:431)
	at org.testng.SuiteRunner.privateRun(SuiteRunner.java:391)
	at org.testng.SuiteRunner.run(SuiteRunner.java:330)
	at org.testng.SuiteRunnerWorker.runSuite(SuiteRunnerWorker.java:52)
	at org.testng.SuiteRunnerWorker.run(SuiteRunnerWorker.java:95)
	at org.testng.TestNG.runSuitesSequentially(TestNG.java:1256)
	at org.testng.TestNG.runSuitesLocally(TestNG.java:1176)
	at org.testng.TestNG.runSuites(TestNG.java:1099)
	at org.testng.TestNG.run(TestNG.java:1067)
	at org.testng.remote.AbstractRemoteTestNG.run(AbstractRemoteTestNG.java:115)
	at org.testng.remote.RemoteTestNG.initAndRun(RemoteTestNG.java:293)
	at org.testng.remote.RemoteTestNG.main(RemoteTestNG.java:91)
</pre></div></td>
<td>0</td>
<td>testCases.LoginPageTest@3bcd05cb</td></tr>
</table><p>
<table width='100%' border='1' class='invocation-passed'>
<tr><td colspan='4' align='center'><b>PASSED TESTS</b></td></tr>
<tr><td><b>Test method</b></td>
<td><b>Attribute(s)</b></td>
<td width="30%"><b>Exception</b></td>
<td width="10%"><b>Time (seconds)</b></td>
<td><b>Instance</b></td>
</tr>
<tr>
<td title='testCases.CheckOutPage1_Test.verifyShippingtext()'><b>verifyShippingtext</b><br>Test class: testCases.CheckOutPage1_Test<br/>
<a href="#Output-1239462179" onClick='toggleBox("Output-1239462179", this, "Show output", "Hide output");'>Show output</a>

<a href="#Output-1239462179" onClick="toggleAllBoxes();">Show all outputs</a>
<div class='log' id="Output-1239462179">
Shipping information text :Free Pony Express Delivery!<br/>
</div>
</td>
<td></td>
<td>0</td>
<td>testCases.CheckOutPage1_Test@3b6d844d</td></tr>
<tr>
<td title='testCases.CheckOutPage1_Test.verifyitemtotaltext()'><b>verifyitemtotaltext</b><br>Test class: testCases.CheckOutPage1_Test<br/>
<a href="#Output-1275071684" onClick='toggleBox("Output-1275071684", this, "Show output", "Hide output");'>Show output</a>

<a href="#Output-1275071684" onClick="toggleAllBoxes();">Show all outputs</a>
<div class='log' id="Output-1275071684">
Item total: Item total: $89.97<br/>
</div>
</td>
<td></td>
<td>0</td>
<td>testCases.CheckOutPage1_Test@3b6d844d</td></tr>
<tr>
<td title='testCases.CheckOutPage1_Test.verifytotaltext()'><b>verifytotaltext</b><br>Test class: testCases.CheckOutPage1_Test<br/>
<a href="#Output-382450191" onClick='toggleBox("Output-382450191", this, "Show output", "Hide output");'>Show output</a>

<a href="#Output-382450191" onClick="toggleAllBoxes();">Show all outputs</a>
<div class='log' id="Output-382450191">
Total text: Total: $97.17<br/>
</div>
</td>
<td></td>
<td>0</td>
<td>testCases.CheckOutPage1_Test@3b6d844d</td></tr>
<tr>
<td title='testCases.CheckOutPage1_Test.CheckOutPage1Title()'><b>CheckOutPage1Title</b><br>Test class: testCases.CheckOutPage1_Test<br/>
<a href="#Output-1980153091" onClick='toggleBox("Output-1980153091", this, "Show output", "Hide output");'>Show output</a>

<a href="#Output-1980153091" onClick="toggleAllBoxes();">Show all outputs</a>
<div class='log' id="Output-1980153091">
Title of chechout page step two:Swag Labs<br/>
</div>
</td>
<td></td>
<td>0</td>
<td>testCases.CheckOutPage1_Test@3b6d844d</td></tr>
<tr>
<td title='testCases.CheckOutPage_Test.verifyCancelbtn()'><b>verifyCancelbtn</b><br>Test class: testCases.CheckOutPage_Test</td>
<td></td>
<td>0</td>
<td>testCases.CheckOutPage_Test@6e9a5ed8</td></tr>
<tr>
<td title='testCases.LoginPageTest.loginofApplicationtest()'><b>loginofApplicationtest</b><br>Test class: testCases.LoginPageTest<br/>
<a href="#Output-872452937" onClick='toggleBox("Output-872452937", this, "Show output", "Hide output");'>Show output</a>

<a href="#Output-872452937" onClick="toggleAllBoxes();">Show all outputs</a>
<div class='log' id="Output-872452937">
inventory URL: https://www.saucedemo.com/inventory.html<br/>
</div>
</td>
<td></td>
<td>4</td>
<td>testCases.LoginPageTest@3bcd05cb</td></tr>
<tr>
<td title='testCases.InventoryPage_Test.menudropdown()'><b>menudropdown</b><br>Test class: testCases.InventoryPage_Test</td>
<td></td>
<td>0</td>
<td>testCases.InventoryPage_Test@20bd8be5</td></tr>
<tr>
<td title='testCases.CartIcon_Test.carttitle()'><b>carttitle</b><br>Test class: testCases.CartIcon_Test<br/>
<a href="#Output-275701220" onClick='toggleBox("Output-275701220", this, "Show output", "Hide output");'>Show output</a>

<a href="#Output-275701220" onClick="toggleAllBoxes();">Show all outputs</a>
<div class='log' id="Output-275701220">
Logo of cartTitle: Swag Labs<br/>
</div>
</td>
<td></td>
<td>0</td>
<td>testCases.CartIcon_Test@36804139</td></tr>
<tr>
<td title='testCases.InventoryPage_Test.LinkedInLogo()'><b>LinkedInLogo</b><br>Test class: testCases.InventoryPage_Test<br/>
<a href="#Output-1653474307" onClick='toggleBox("Output-1653474307", this, "Show output", "Hide output");'>Show output</a>

<a href="#Output-1653474307" onClick="toggleAllBoxes();">Show all outputs</a>
<div class='log' id="Output-1653474307">
LinkedIn Logo is present: true<br/>
</div>
</td>
<td></td>
<td>0</td>
<td>testCases.InventoryPage_Test@20bd8be5</td></tr>
<tr>
<td title='testCases.CartIcon_Test.verifyCheckoutButtonTest()'><b>verifyCheckoutButtonTest</b><br>Test class: testCases.CartIcon_Test<br/>
<a href="#Output-420266910" onClick='toggleBox("Output-420266910", this, "Show output", "Hide output");'>Show output</a>

<a href="#Output-420266910" onClick="toggleAllBoxes();">Show all outputs</a>
<div class='log' id="Output-420266910">
After clicking on Checkout Btn URL is : https://www.saucedemo.com/checkout-step-one.html<br/>
</div>
</td>
<td></td>
<td>3</td>
<td>testCases.CartIcon_Test@36804139</td></tr>
<tr>
<td title='testCases.InventoryPage_Test.PageTitleTest()'><b>PageTitleTest</b><br>Test class: testCases.InventoryPage_Test<br/>
<a href="#Output-1603338883" onClick='toggleBox("Output-1603338883", this, "Show output", "Hide output");'>Show output</a>

<a href="#Output-1603338883" onClick="toggleAllBoxes();">Show all outputs</a>
<div class='log' id="Output-1603338883">
title of the page: Products<br/>
</div>
</td>
<td></td>
<td>0</td>
<td>testCases.InventoryPage_Test@20bd8be5</td></tr>
<tr>
<td title='testCases.CheckOutPage1_Test.verifytaxtext()'><b>verifytaxtext</b><br>Test class: testCases.CheckOutPage1_Test<br/>
<a href="#Output-909418025" onClick='toggleBox("Output-909418025", this, "Show output", "Hide output");'>Show output</a>

<a href="#Output-909418025" onClick="toggleAllBoxes();">Show all outputs</a>
<div class='log' id="Output-909418025">
Tax text: Tax: $7.20<br/>
</div>
</td>
<td></td>
<td>0</td>
<td>testCases.CheckOutPage1_Test@3b6d844d</td></tr>
<tr>
<td title='testCases.CartIcon_Test.continuebtn()'><b>continuebtn</b><br>Test class: testCases.CartIcon_Test</td>
<td></td>
<td>2</td>
<td>testCases.CartIcon_Test@36804139</td></tr>
<tr>
<td title='testCases.LoginPageTest.URL()'><b>URL</b><br>Test class: testCases.LoginPageTest<br/>
<a href="#Output-1746061516" onClick='toggleBox("Output-1746061516", this, "Show output", "Hide output");'>Show output</a>

<a href="#Output-1746061516" onClick="toggleAllBoxes();">Show all outputs</a>
<div class='log' id="Output-1746061516">
Login Url: https://www.saucedemo.com/<br/>
</div>
</td>
<td></td>
<td>0</td>
<td>testCases.LoginPageTest@3bcd05cb</td></tr>
<tr>
<td title='testCases.InventoryPage_Test.Footertest()'><b>Footertest</b><br>Test class: testCases.InventoryPage_Test<br/>
<a href="#Output-1989482571" onClick='toggleBox("Output-1989482571", this, "Show output", "Hide output");'>Show output</a>

<a href="#Output-1989482571" onClick="toggleAllBoxes();">Show all outputs</a>
<div class='log' id="Output-1989482571">
Footertext: Â© 2024 Sauce Labs. All Rights Reserved. Terms of Service | Privacy Policy<br/>
</div>
</td>
<td></td>
<td>0</td>
<td>testCases.InventoryPage_Test@20bd8be5</td></tr>
<tr>
<td title='testCases.CheckOutPage_Test.infotest()'><b>infotest</b><br>Test class: testCases.CheckOutPage_Test<br/>
<a href="#Output-117839394" onClick='toggleBox("Output-117839394", this, "Show output", "Hide output");'>Show output</a>

<a href="#Output-117839394" onClick="toggleAllBoxes();">Show all outputs</a>
<div class='log' id="Output-117839394">
URL of checkout Information: https://www.saucedemo.com/checkout-step-two.html<br/>
</div>
</td>
<td></td>
<td>7</td>
<td>testCases.CheckOutPage_Test@6e9a5ed8</td></tr>
<tr>
<td title='testCases.CheckOutPage1_Test.CheckOutPage1URl()'><b>CheckOutPage1URl</b><br>Test class: testCases.CheckOutPage1_Test<br/>
<a href="#Output-10380027" onClick='toggleBox("Output-10380027", this, "Show output", "Hide output");'>Show output</a>

<a href="#Output-10380027" onClick="toggleAllBoxes();">Show all outputs</a>
<div class='log' id="Output-10380027">
Url of checkout page step two: https://www.saucedemo.com/checkout-step-two.html<br/>
</div>
</td>
<td></td>
<td>0</td>
<td>testCases.CheckOutPage1_Test@3b6d844d</td></tr>
<tr>
<td title='testCases.CheckOutPage1_Test.verifypaymentLabeltest()'><b>verifypaymentLabeltest</b><br>Test class: testCases.CheckOutPage1_Test<br/>
<a href="#Output-1252333507" onClick='toggleBox("Output-1252333507", this, "Show output", "Hide output");'>Show output</a>

<a href="#Output-1252333507" onClick="toggleAllBoxes();">Show all outputs</a>
<div class='log' id="Output-1252333507">
Label of Payment info: Payment Information:<br/>
</div>
</td>
<td></td>
<td>0</td>
<td>testCases.CheckOutPage1_Test@3b6d844d</td></tr>
<tr>
<td title='testCases.InventoryPage_Test.cartIcontest()'><b>cartIcontest</b><br>Test class: testCases.InventoryPage_Test</td>
<td></td>
<td>0</td>
<td>testCases.InventoryPage_Test@20bd8be5</td></tr>
<tr>
<td title='testCases.CheckOutPage1_Test.verifytotalLabel()'><b>verifytotalLabel</b><br>Test class: testCases.CheckOutPage1_Test<br/>
<a href="#Output-1352773510" onClick='toggleBox("Output-1352773510", this, "Show output", "Hide output");'>Show output</a>

<a href="#Output-1352773510" onClick="toggleAllBoxes();">Show all outputs</a>
<div class='log' id="Output-1352773510">
Total Price label: Price Total<br/>
</div>
</td>
<td></td>
<td>0</td>
<td>testCases.CheckOutPage1_Test@3b6d844d</td></tr>
<tr>
<td title='testCases.InventoryPage_Test.add6productsTest()'><b>add6productsTest</b><br>Test class: testCases.InventoryPage_Test<br/>
<a href="#Output-1931525324" onClick='toggleBox("Output-1931525324", this, "Show output", "Hide output");'>Show output</a>

<a href="#Output-1931525324" onClick="toggleAllBoxes();">Show all outputs</a>
<div class='log' id="Output-1931525324">
Counts after adding of Products: 3<br/>
</div>
</td>
<td></td>
<td>2</td>
<td>testCases.InventoryPage_Test@20bd8be5</td></tr>
<tr>
<td title='testCases.CartIcon_Test.twitterlogo()'><b>twitterlogo</b><br>Test class: testCases.CartIcon_Test<br/>
<a href="#Output-519562439" onClick='toggleBox("Output-519562439", this, "Show output", "Hide output");'>Show output</a>

<a href="#Output-519562439" onClick="toggleAllBoxes();">Show all outputs</a>
<div class='log' id="Output-519562439">
TwitterLogo: true<br/>
</div>
</td>
<td></td>
<td>0</td>
<td>testCases.CartIcon_Test@36804139</td></tr>
<tr>
<td title='testCases.CartIcon_Test.qty()'><b>qty</b><br>Test class: testCases.CartIcon_Test<br/>
<a href="#Output-732526171" onClick='toggleBox("Output-732526171", this, "Show output", "Hide output");'>Show output</a>

<a href="#Output-732526171" onClick="toggleAllBoxes();">Show all outputs</a>
<div class='log' id="Output-732526171">
Qty text: QTY<br/>
</div>
</td>
<td></td>
<td>0</td>
<td>testCases.CartIcon_Test@36804139</td></tr>
<tr>
<td title='testCases.InventoryPage_Test.Logotest()'><b>Logotest</b><br>Test class: testCases.InventoryPage_Test<br/>
<a href="#Output-1531406640" onClick='toggleBox("Output-1531406640", this, "Show output", "Hide output");'>Show output</a>

<a href="#Output-1531406640" onClick="toggleAllBoxes();">Show all outputs</a>
<div class='log' id="Output-1531406640">
SwagLogo: Swag Labs<br/>
</div>
</td>
<td></td>
<td>0</td>
<td>testCases.InventoryPage_Test@20bd8be5</td></tr>
<tr>
<td title='testCases.CheckOutPage1_Test.verifyShippinglabel()'><b>verifyShippinglabel</b><br>Test class: testCases.CheckOutPage1_Test<br/>
<a href="#Output-1113284578" onClick='toggleBox("Output-1113284578", this, "Show output", "Hide output");'>Show output</a>

<a href="#Output-1113284578" onClick="toggleAllBoxes();">Show all outputs</a>
<div class='log' id="Output-1113284578">
Shipping info label: Shipping Information:<br/>
</div>
</td>
<td></td>
<td>0</td>
<td>testCases.CheckOutPage1_Test@3b6d844d</td></tr>
<tr>
<td title='testCases.CheckOutPage1_Test.verifypaymentinfotext()'><b>verifypaymentinfotext</b><br>Test class: testCases.CheckOutPage1_Test<br/>
<a href="#Output-1023062848" onClick='toggleBox("Output-1023062848", this, "Show output", "Hide output");'>Show output</a>

<a href="#Output-1023062848" onClick="toggleAllBoxes();">Show all outputs</a>
<div class='log' id="Output-1023062848">
Text of payment info: SauceCard #31337<br/>
</div>
</td>
<td></td>
<td>0</td>
<td>testCases.CheckOutPage1_Test@3b6d844d</td></tr>
<tr>
<td title='testCases.CartIcon_Test.removeproducts()'><b>removeproducts</b><br>Test class: testCases.CartIcon_Test<br/>
<a href="#Output-1885192614" onClick='toggleBox("Output-1885192614", this, "Show output", "Hide output");'>Show output</a>

<a href="#Output-1885192614" onClick="toggleAllBoxes();">Show all outputs</a>
<div class='log' id="Output-1885192614">
Count after removing products in cart page: 1<br/>
</div>
</td>
<td></td>
<td>0</td>
<td>testCases.CartIcon_Test@36804139</td></tr>
<tr>
<td title='testCases.CheckOutPage_Test.checkouttitle()'><b>checkouttitle</b><br>Test class: testCases.CheckOutPage_Test</td>
<td></td>
<td>0</td>
<td>testCases.CheckOutPage_Test@6e9a5ed8</td></tr>
<tr>
<td title='testCases.CartIcon_Test.url()'><b>url</b><br>Test class: testCases.CartIcon_Test<br/>
<a href="#Output-699574604" onClick='toggleBox("Output-699574604", this, "Show output", "Hide output");'>Show output</a>

<a href="#Output-699574604" onClick="toggleAllBoxes();">Show all outputs</a>
<div class='log' id="Output-699574604">
Url of cartIcon: https://www.saucedemo.com/cart.html<br/>
</div>
</td>
<td></td>
<td>0</td>
<td>testCases.CartIcon_Test@36804139</td></tr>
<tr>
<td title='testCases.InventoryPage_Test.FacebookLogo()'><b>FacebookLogo</b><br>Test class: testCases.InventoryPage_Test<br/>
<a href="#Output-873631725" onClick='toggleBox("Output-873631725", this, "Show output", "Hide output");'>Show output</a>

<a href="#Output-873631725" onClick="toggleAllBoxes();">Show all outputs</a>
<div class='log' id="Output-873631725">
FacebookLogo is present: true<br/>
</div>
</td>
<td></td>
<td>0</td>
<td>testCases.InventoryPage_Test@20bd8be5</td></tr>
<tr>
<td title='testCases.InventoryPage_Test.verifyTwitterlogoTest()'><b>verifyTwitterlogoTest</b><br>Test class: testCases.InventoryPage_Test<br/>
<a href="#Output-1074128442" onClick='toggleBox("Output-1074128442", this, "Show output", "Hide output");'>Show output</a>

<a href="#Output-1074128442" onClick="toggleAllBoxes();">Show all outputs</a>
<div class='log' id="Output-1074128442">
TwitterLogo is present: true<br/>
</div>
</td>
<td></td>
<td>0</td>
<td>testCases.InventoryPage_Test@20bd8be5</td></tr>
</table><p>
<table width='100%' border='1' class='invocation-skipped'>
<tr><td colspan='4' align='center'><b>SKIPPED TESTS</b></td></tr>
<tr><td><b>Test method</b></td>
<td><b>Attribute(s)</b></td>
<td width="30%"><b>Exception</b></td>
<td width="10%"><b>Time (seconds)</b></td>
<td><b>Instance</b></td>
</tr>
<tr>
<td title='testCases.CheckOutPage_Test.verifymenubtn()'><b>verifymenubtn</b><br>Test class: testCases.CheckOutPage_Test</td>
<td><div><pre>org.openqa.selenium.WebDriverException: no such execution context
  (Session info: chrome=125.0.6422.144)
Build info: version: &apos;4.11.0&apos;, revision: &apos;040bc5406b&apos;
System info: os.name: &apos;Windows 10&apos;, os.arch: &apos;amd64&apos;, os.version: &apos;10.0&apos;, java.version: &apos;17.0.6&apos;
Driver info: org.openqa.selenium.chrome.ChromeDriver
Command: [fc3202579c774c973d0b41cb8f17d96b, maximizeCurrentWindow {}]
Capabilities {acceptInsecureCerts: false, browserName: chrome, browserVersion: 125.0.6422.144, chrome: {chromedriverVersion: 125.0.6422.141 (4b1e8393712..., userDataDir: C:\Users\Admin\AppData\Loca...}, fedcm:accounts: true, goog:chromeOptions: {debuggerAddress: localhost:60033}, networkConnectionEnabled: false, pageLoadStrategy: normal, platformName: windows, proxy: Proxy(), se:cdp: ws://localhost:60033/devtoo..., se:cdpVersion: 125.0.6422.144, setWindowRect: true, strictFileInteractability: false, timeouts: {implicit: 0, pageLoad: 300000, script: 30000}, unhandledPromptBehavior: dismiss and notify, webauthn:extension:credBlob: true, webauthn:extension:largeBlob: true, webauthn:extension:minPinLength: true, webauthn:extension:prf: true, webauthn:virtualAuthenticators: true}
Session ID: fc3202579c774c973d0b41cb8f17d96b
	at org.openqa.selenium.remote.codec.w3c.W3CHttpResponseCodec.createException(W3CHttpResponseCodec.java:200)
	at org.openqa.selenium.remote.codec.w3c.W3CHttpResponseCodec.decode(W3CHttpResponseCodec.java:133)
	at org.openqa.selenium.remote.codec.w3c.W3CHttpResponseCodec.decode(W3CHttpResponseCodec.java:52)
	at org.openqa.selenium.remote.HttpCommandExecutor.execute(HttpCommandExecutor.java:191)
	at org.openqa.selenium.remote.service.DriverCommandExecutor.invokeExecute(DriverCommandExecutor.java:196)
	at org.openqa.selenium.remote.service.DriverCommandExecutor.execute(DriverCommandExecutor.java:171)
	at org.openqa.selenium.remote.RemoteWebDriver.execute(RemoteWebDriver.java:518)
	at org.openqa.selenium.remote.RemoteWebDriver.execute(RemoteWebDriver.java:591)
	at org.openqa.selenium.remote.RemoteWebDriver.execute(RemoteWebDriver.java:595)
	at org.openqa.selenium.remote.RemoteWebDriver$RemoteWebDriverOptions$RemoteWindow.maximize(RemoteWebDriver.java:978)
	at base.TestBase.initialization(TestBase.java:33)
	at testCases.CheckOutPage_Test.setUp(CheckOutPage_Test.java:29)
	at java.base/java.util.ArrayList.forEach(ArrayList.java:1511)
... Removed 36 stack frames</pre></div><a href='#' onClick='toggleBox("stack-trace958209587", this, "Click to show all stack frames", "Click to hide stack frames")'>Click to show all stack frames</a>
<div class='stack-trace' id='stack-trace958209587'><pre>org.openqa.selenium.WebDriverException: no such execution context
  (Session info: chrome=125.0.6422.144)
Build info: version: &apos;4.11.0&apos;, revision: &apos;040bc5406b&apos;
System info: os.name: &apos;Windows 10&apos;, os.arch: &apos;amd64&apos;, os.version: &apos;10.0&apos;, java.version: &apos;17.0.6&apos;
Driver info: org.openqa.selenium.chrome.ChromeDriver
Command: [fc3202579c774c973d0b41cb8f17d96b, maximizeCurrentWindow {}]
Capabilities {acceptInsecureCerts: false, browserName: chrome, browserVersion: 125.0.6422.144, chrome: {chromedriverVersion: 125.0.6422.141 (4b1e8393712..., userDataDir: C:\Users\Admin\AppData\Loca...}, fedcm:accounts: true, goog:chromeOptions: {debuggerAddress: localhost:60033}, networkConnectionEnabled: false, pageLoadStrategy: normal, platformName: windows, proxy: Proxy(), se:cdp: ws://localhost:60033/devtoo..., se:cdpVersion: 125.0.6422.144, setWindowRect: true, strictFileInteractability: false, timeouts: {implicit: 0, pageLoad: 300000, script: 30000}, unhandledPromptBehavior: dismiss and notify, webauthn:extension:credBlob: true, webauthn:extension:largeBlob: true, webauthn:extension:minPinLength: true, webauthn:extension:prf: true, webauthn:virtualAuthenticators: true}
Session ID: fc3202579c774c973d0b41cb8f17d96b
	at java.base/jdk.internal.reflect.NativeConstructorAccessorImpl.newInstance0(Native Method)
	at java.base/jdk.internal.reflect.NativeConstructorAccessorImpl.newInstance(NativeConstructorAccessorImpl.java:77)
	at java.base/jdk.internal.reflect.DelegatingConstructorAccessorImpl.newInstance(DelegatingConstructorAccessorImpl.java:45)
	at java.base/java.lang.reflect.Constructor.newInstanceWithCaller(Constructor.java:499)
	at java.base/java.lang.reflect.Constructor.newInstance(Constructor.java:480)
	at org.openqa.selenium.remote.codec.w3c.W3CHttpResponseCodec.createException(W3CHttpResponseCodec.java:200)
	at org.openqa.selenium.remote.codec.w3c.W3CHttpResponseCodec.decode(W3CHttpResponseCodec.java:133)
	at org.openqa.selenium.remote.codec.w3c.W3CHttpResponseCodec.decode(W3CHttpResponseCodec.java:52)
	at org.openqa.selenium.remote.HttpCommandExecutor.execute(HttpCommandExecutor.java:191)
	at org.openqa.selenium.remote.service.DriverCommandExecutor.invokeExecute(DriverCommandExecutor.java:196)
	at org.openqa.selenium.remote.service.DriverCommandExecutor.execute(DriverCommandExecutor.java:171)
	at org.openqa.selenium.remote.RemoteWebDriver.execute(RemoteWebDriver.java:518)
	at org.openqa.selenium.remote.RemoteWebDriver.execute(RemoteWebDriver.java:591)
	at org.openqa.selenium.remote.RemoteWebDriver.execute(RemoteWebDriver.java:595)
	at org.openqa.selenium.remote.RemoteWebDriver$RemoteWebDriverOptions$RemoteWindow.maximize(RemoteWebDriver.java:978)
	at base.TestBase.initialization(TestBase.java:33)
	at testCases.CheckOutPage_Test.setUp(CheckOutPage_Test.java:29)
	at java.base/jdk.internal.reflect.NativeMethodAccessorImpl.invoke0(Native Method)
	at java.base/jdk.internal.reflect.NativeMethodAccessorImpl.invoke(NativeMethodAccessorImpl.java:77)
	at java.base/jdk.internal.reflect.DelegatingMethodAccessorImpl.invoke(DelegatingMethodAccessorImpl.java:43)
	at java.base/java.lang.reflect.Method.invoke(Method.java:568)
	at org.testng.internal.invokers.MethodInvocationHelper.invokeMethod(MethodInvocationHelper.java:139)
	at org.testng.internal.invokers.MethodInvocationHelper.invokeMethodConsideringTimeout(MethodInvocationHelper.java:69)
	at org.testng.internal.invokers.ConfigInvoker.invokeConfigurationMethod(ConfigInvoker.java:361)
	at org.testng.internal.invokers.ConfigInvoker.invokeConfigurations(ConfigInvoker.java:296)
	at org.testng.internal.invokers.TestInvoker.runConfigMethods(TestInvoker.java:823)
	at org.testng.internal.invokers.TestInvoker.invokeMethod(TestInvoker.java:590)
	at org.testng.internal.invokers.TestInvoker.invokeTestMethod(TestInvoker.java:221)
	at org.testng.internal.invokers.MethodRunner.runInSequence(MethodRunner.java:50)
	at org.testng.internal.invokers.TestInvoker$MethodInvocationAgent.invoke(TestInvoker.java:969)
	at org.testng.internal.invokers.TestInvoker.invokeTestMethods(TestInvoker.java:194)
	at org.testng.internal.invokers.TestMethodWorker.invokeTestMethods(TestMethodWorker.java:148)
	at org.testng.internal.invokers.TestMethodWorker.run(TestMethodWorker.java:128)
	at java.base/java.util.ArrayList.forEach(ArrayList.java:1511)
	at org.testng.TestRunner.privateRun(TestRunner.java:829)
	at org.testng.TestRunner.run(TestRunner.java:602)
	at org.testng.SuiteRunner.runTest(SuiteRunner.java:437)
	at org.testng.SuiteRunner.runSequentially(SuiteRunner.java:431)
	at org.testng.SuiteRunner.privateRun(SuiteRunner.java:391)
	at org.testng.SuiteRunner.run(SuiteRunner.java:330)
	at org.testng.SuiteRunnerWorker.runSuite(SuiteRunnerWorker.java:52)
	at org.testng.SuiteRunnerWorker.run(SuiteRunnerWorker.java:95)
	at org.testng.TestNG.runSuitesSequentially(TestNG.java:1256)
	at org.testng.TestNG.runSuitesLocally(TestNG.java:1176)
	at org.testng.TestNG.runSuites(TestNG.java:1099)
	at org.testng.TestNG.run(TestNG.java:1067)
	at org.testng.remote.AbstractRemoteTestNG.run(AbstractRemoteTestNG.java:115)
	at org.testng.remote.RemoteTestNG.initAndRun(RemoteTestNG.java:293)
	at org.testng.remote.RemoteTestNG.main(RemoteTestNG.java:91)
</pre></div></td>
<td>0</td>
<td>testCases.CheckOutPage_Test@6e9a5ed8</td></tr>
</table><p>
</body>
</html>