<?xml version="1.0" encoding="UTF-8"?>
<!-- Generated by org.testng.reporters.JUnitXMLReporter -->
<testsuite ignored="0" hostname="DESKTOP-JLPE75F" failures="0" tests="42" name="Test" time="728.389" errors="0" timestamp="2024-06-13T15:28:10 IST">
  <testcase classname="testCases.CheckOutPage_Test" name="checkouttitle" time="0.045"/>
  <testcase classname="testCases.CheckOutPage_Test" name="infotest" time="9.299"/>
  <testcase classname="testCases.CheckOutPage_Test" name="verifyCancelbtn" time="0.225"/>
  <testcase classname="testCases.CheckOutPage_Test" name="verifyLogotest" time="0.205"/>
  <testcase classname="testCases.CheckOutPage_Test" name="verifymenubtn" time="2.202"/>
  <testcase classname="testCases.LoginPageTest" name="URL" time="0.266"/>
  <testcase classname="testCases.LoginPageTest" name="loginofApplicationtest" time="3.603"/>
  <testcase classname="testCases.LoginPageTest" name="titletest" time="0.329"/>
  <testcase classname="testCases.CheckOutPage1_Test" name="CheckOutPage1Title" time="0.022"/>
  <testcase classname="testCases.CheckOutPage1_Test" name="CheckOutPage1URl" time="0.015"/>
  <testcase classname="testCases.CheckOutPage1_Test" name="verifyShippinglabel" time="0.08"/>
  <testcase classname="testCases.CheckOutPage1_Test" name="verifyShippingtext" time="0.074"/>
  <testcase classname="testCases.CheckOutPage1_Test" name="verifyfinishbtntest" time="0.326"/>
  <testcase classname="testCases.CheckOutPage1_Test" name="verifyitemtotaltext" time="0.099"/>
  <testcase classname="testCases.CheckOutPage1_Test" name="verifypaymentLabeltest" time="0.071"/>
  <testcase classname="testCases.CheckOutPage1_Test" name="verifypaymentinfotext" time="0.122"/>
  <testcase classname="testCases.CheckOutPage1_Test" name="verifytaxtext" time="0.068"/>
  <testcase classname="testCases.CheckOutPage1_Test" name="verifytotalLabel" time="0.069"/>
  <testcase classname="testCases.CheckOutPage1_Test" name="verifytotaltext" time="0.092"/>
  <testcase classname="testCases.CartIcon_Test" name="carttitle" time="0.041"/>
  <testcase classname="testCases.CartIcon_Test" name="continuebtn" time="2.276"/>
  <testcase classname="testCases.CartIcon_Test" name="desc" time="0.08"/>
  <testcase classname="testCases.CartIcon_Test" name="qty" time="0.111"/>
  <testcase classname="testCases.CartIcon_Test" name="removeproducts" time="0.509"/>
  <testcase classname="testCases.CartIcon_Test" name="twitterlogo" time="0.157"/>
  <testcase classname="testCases.CartIcon_Test" name="url" time="0.02"/>
  <testcase classname="testCases.CartIcon_Test" name="verifyCheckoutButtonTest" time="3.333"/>
  <testcase classname="testCases.InventoryPage_Test" name="FacebookLogo" time="0.096"/>
  <testcase classname="testCases.InventoryPage_Test" name="Footertest" time="0.31"/>
  <testcase classname="testCases.InventoryPage_Test" name="LinkedInLogo" time="0.143"/>
  <testcase classname="testCases.InventoryPage_Test" name="Logotest" time="0.156"/>
  <testcase classname="testCases.InventoryPage_Test" name="PageTitleTest" time="0.129"/>
  <testcase classname="testCases.InventoryPage_Test" name="add6productsTest" time="1.578"/>
  <testcase classname="testCases.InventoryPage_Test" name="cartIcontest" time="0.375"/>
  <testcase classname="testCases.InventoryPage_Test" name="menudropdown" time="0.208"/>
  <testcase classname="testCases.InventoryPage_Test" name="removeproducts" time="1.796"/>
  <testcase classname="testCases.InventoryPage_Test" name="verifyTwitterlogoTest" time="0.119"/>
  <testcase classname="testCases.FinishPage_Test" name="verifyBackHomebtn" time="0.591"/>
  <testcase classname="testCases.FinishPage_Test" name="verifyLogo" time="0.132"/>
  <testcase classname="testCases.FinishPage_Test" name="verifytextOfDispatch" time="0.268"/>
  <testcase classname="testCases.FinishPage_Test" name="verifythankyouLabel" time="0.19"/>
  <testcase classname="testCases.FinishPage_Test" name="verifytitle" time="0.316"/>
</testsuite> <!-- Test -->
