<?xml version="1.0" encoding="UTF-8"?>
<testng-results ignored="1" total="3" passed="2" failed="0" skipped="0">
  <reporter-output>
    <line>
      <![CDATA[Login Url: https://www.saucedemo.com/]]>
    </line>
    <line>
      <![CDATA[inventory URL: https://www.saucedemo.com/inventory.html]]>
    </line>
  </reporter-output>
  <suite started-at="2024-06-26T13:32:48 IST" name="Default suite" finished-at="2024-06-26T13:33:24 IST" duration-ms="36468">
    <groups>
    </groups>
    <test started-at="2024-06-26T13:32:48 IST" name="Default test" finished-at="2024-06-26T13:33:24 IST" duration-ms="36468">
      <class name="testCases.LoginPageTest">
        <test-method is-config="true" signature="setUp()[pri:0, instance:testCases.LoginPageTest@14bee915]" started-at="2024-06-26T13:32:48 IST" name="setUp" finished-at="2024-06-26T13:33:03 IST" duration-ms="15217" status="PASS">
          <reporter-output>
          </reporter-output>
        </test-method> <!-- setUp -->
        <test-method signature="URL()[pri:0, instance:testCases.LoginPageTest@14bee915]" started-at="2024-06-26T13:33:03 IST" name="URL" finished-at="2024-06-26T13:33:07 IST" duration-ms="3796" status="PASS">
          <reporter-output>
            <line>
              <![CDATA[Login Url: https://www.saucedemo.com/]]>
            </line>
          </reporter-output>
        </test-method> <!-- URL -->
        <test-method is-config="true" signature="browserClose(org.testng.ITestResult)[pri:0, instance:testCases.LoginPageTest@14bee915]" started-at="2024-06-26T13:33:07 IST" name="browserClose" finished-at="2024-06-26T13:33:07 IST" duration-ms="572" status="PASS">
          <params>
            <param index="0">
              <value>
                <![CDATA[[TestResult name=URL status=SUCCESS method=LoginPageTest.URL()[pri:0, instance:testCases.LoginPageTest@14bee915] output=Login Url: https://www.saucedemo.com/]]]>
              </value>
            </param>
          </params>
          <reporter-output>
          </reporter-output>
        </test-method> <!-- browserClose -->
        <test-method is-config="true" signature="setUp()[pri:0, instance:testCases.LoginPageTest@14bee915]" started-at="2024-06-26T13:33:07 IST" name="setUp" finished-at="2024-06-26T13:33:15 IST" duration-ms="7990" status="PASS">
          <reporter-output>
          </reporter-output>
        </test-method> <!-- setUp -->
        <test-method signature="loginofApplicationtest()[pri:0, instance:testCases.LoginPageTest@14bee915]" started-at="2024-06-26T13:33:15 IST" name="loginofApplicationtest" finished-at="2024-06-26T13:33:21 IST" duration-ms="5563" status="PASS">
          <reporter-output>
            <line>
              <![CDATA[inventory URL: https://www.saucedemo.com/inventory.html]]>
            </line>
          </reporter-output>
        </test-method> <!-- loginofApplicationtest -->
        <test-method is-config="true" signature="browserClose(org.testng.ITestResult)[pri:0, instance:testCases.LoginPageTest@14bee915]" started-at="2024-06-26T13:33:21 IST" name="browserClose" finished-at="2024-06-26T13:33:24 IST" duration-ms="3125" status="PASS">
          <params>
            <param index="0">
              <value>
                <![CDATA[[TestResult name=loginofApplicationtest status=SUCCESS method=LoginPageTest.loginofApplicationtest()[pri:0, instance:testCases.LoginPageTest@14bee915] output=inventory URL: https://www.saucedemo.com/inventory.html]]]>
              </value>
            </param>
          </params>
          <reporter-output>
          </reporter-output>
        </test-method> <!-- browserClose -->
      </class> <!-- testCases.LoginPageTest -->
    </test> <!-- Default test -->
  </suite> <!-- Default suite -->
</testng-results>
