<?xml version="1.0" encoding="UTF-8"?>
<!-- Generated by org.testng.reporters.JUnitReportReporter -->
<testsuite hostname="DESKTOP-JLPE75F" failures="0" tests="10" name="testCases.InventoryPage_Test" time="143.558" errors="0" timestamp="2024-06-13T15:28:15 IST" skipped="0">
  <testcase classname="testCases.InventoryPage_Test" name="verifyTwitterlogoTest" time="13.624"/>
  <system-out>
    <![CDATA[TwitterLogo is present: true]]>
  </system-out>
  <testcase classname="testCases.InventoryPage_Test" name="add6productsTest" time="15.380"/>
  <system-out>
    <![CDATA[Counts after adding of Products: 3]]>
  </system-out>
  <testcase classname="testCases.InventoryPage_Test" name="cartIcontest" time="13.730"/>
  <system-out/>
  <testcase classname="testCases.InventoryPage_Test" name="Footertest" time="16.384"/>
  <system-out>
    <![CDATA[Footertext: © 2024 Sauce Labs. All Rights Reserved. Terms of Service | Privacy Policy]]>
  </system-out>
  <testcase classname="testCases.InventoryPage_Test" name="Logotest" time="13.645"/>
  <system-out>
    <![CDATA[SwagLogo: Swag Labs]]>
  </system-out>
  <testcase classname="testCases.InventoryPage_Test" name="removeproducts" time="16.418"/>
  <system-out>
    <![CDATA[count after removing products: 1]]>
  </system-out>
  <testcase classname="testCases.InventoryPage_Test" name="menudropdown" time="13.726"/>
  <system-out/>
  <testcase classname="testCases.InventoryPage_Test" name="LinkedInLogo" time="13.376"/>
  <system-out>
    <![CDATA[LinkedIn Logo is present: true]]>
  </system-out>
  <testcase classname="testCases.InventoryPage_Test" name="FacebookLogo" time="13.128"/>
  <system-out>
    <![CDATA[FacebookLogo is present: true]]>
  </system-out>
  <testcase classname="testCases.InventoryPage_Test" name="PageTitleTest" time="14.147"/>
  <system-out>
    <![CDATA[title of the page: Products]]>
  </system-out>
</testsuite> <!-- testCases.InventoryPage_Test -->
